{
  "RSpec": {
    "coverage": {
      "/home/inet2005/Code/Ruby/webd3101-cha2/Lab4/app/helpers/application_helper.rb": [
        1,
        null
      ],
      "/home/inet2005/Code/Ruby/webd3101-cha2/Lab4/app/helpers/customers_helper.rb": [
        1,
        null
      ],
      "/home/inet2005/Code/Ruby/webd3101-cha2/Lab4/app/helpers/employees_helper.rb": [
        1,
        null
      ],
      "/home/inet2005/Code/Ruby/webd3101-cha2/Lab4/app/controllers/employees_controller.rb": [
        1,
        1,
        null,
        null,
        null,
        1,
        2,
        null,
        null,
        null,
        null,
        1,
        null,
        null,
        null,
        1,
        0,
        null,
        null,
        null,
        1,
        null,
        null,
        null,
        null,
        1,
        0,
        null,
        0,
        0,
        0,
        0,
        null,
        0,
        0,
        null,
        null,
        null,
        null,
        null,
        null,
        1,
        0,
        0,
        0,
        0,
        null,
        0,
        0,
        null,
        null,
        null,
        null,
        null,
        null,
        1,
        0,
        0,
        0,
        0,
        null,
        null,
        null,
        1,
        null,
        1,
        0,
        null,
        null,
        null,
        1,
        0,
        null,
        null
      ],
      "/home/inet2005/Code/Ruby/webd3101-cha2/Lab4/app/controllers/application_controller.rb": [
        1,
        null,
        null,
        1,
        null
      ],
      "/home/inet2005/Code/Ruby/webd3101-cha2/Lab4/app/models/employee.rb": [
        1,
        1,
        1,
        null,
        1,
        1,
        null
      ],
      "/home/inet2005/Code/Ruby/webd3101-cha2/Lab4/app/controllers/customers_controller.rb": [
        0,
        0,
        0,
        0,
        0,
        0,
        0,
        0,
        0,
        0,
        0,
        0,
        0,
        0,
        0,
        0,
        0,
        0,
        0,
        0,
        0,
        0,
        0,
        0,
        0,
        0,
        0,
        0,
        0,
        0,
        0,
        0,
        0,
        0,
        0,
        0,
        0,
        0,
        0,
        0,
        0,
        0,
        0,
        0,
        0,
        0,
        0,
        0,
        0,
        0,
        0,
        0,
        0,
        0,
        0,
        0,
        0,
        0,
        0,
        0,
        0,
        0,
        0,
        0,
        0,
        0,
        0,
        0,
        0,
        0,
        0,
        0,
        0,
        0,
        0
      ],
      "/home/inet2005/Code/Ruby/webd3101-cha2/Lab4/app/models/album.rb": [
        0,
        0,
        0,
        0,
        0,
        0,
        0
      ],
      "/home/inet2005/Code/Ruby/webd3101-cha2/Lab4/app/models/artist.rb": [
        0,
        0,
        0,
        0,
        0,
        0
      ],
      "/home/inet2005/Code/Ruby/webd3101-cha2/Lab4/app/models/genre.rb": [
        0,
        0,
        0,
        0,
        0,
        0
      ],
      "/home/inet2005/Code/Ruby/webd3101-cha2/Lab4/app/models/media_type.rb": [
        0,
        0,
        0,
        0,
        0,
        0
      ],
      "/home/inet2005/Code/Ruby/webd3101-cha2/Lab4/app/models/playlist.rb": [
        0,
        0,
        0,
        0,
        0,
        0
      ],
      "/home/inet2005/Code/Ruby/webd3101-cha2/Lab4/app/models/playlist_track.rb": [
        0,
        0,
        0,
        0,
        0,
        0,
        0
      ],
      "/home/inet2005/Code/Ruby/webd3101-cha2/Lab4/app/models/track.rb": [
        0,
        0,
        0,
        0,
        0,
        0,
        0,
        0,
        0,
        0
      ],
      "/home/inet2005/Code/Ruby/webd3101-cha2/Lab4/app/models/invoice_line.rb": [
        0,
        0,
        0,
        0,
        0,
        0,
        0
      ],
      "/home/inet2005/Code/Ruby/webd3101-cha2/Lab4/app/models/invoice.rb": [
        0,
        0,
        0,
        0,
        0,
        0,
        0
      ],
      "/home/inet2005/Code/Ruby/webd3101-cha2/Lab4/app/models/customer.rb": [
        0,
        0,
        0,
        0,
        0,
        0,
        0
      ]
    },
    "timestamp": 1457705838
  }
}
